app/build/intermediates/manifest_merge_blame_file/debug/manifest-merger-blame-debug-report.txt
1<?xml version="1.0" encoding="utf-8"?>
2<manifest xmlns:android="http://schemas.android.com/apk/res/android"
3    package="com.uuu"
4    android:versionCode="1"
5    android:versionName="1.0" >
6
7    <uses-sdk
8        android:minSdkVersion="25"
8-->src\main\AndroidManifest.xml
9        android:targetSdkVersion="29" />
9-->src\main\AndroidManifest.xml
10
11    <application
11-->src\main\AndroidManifest.xml:7:5-17:19
12        android:debuggable="true"
13        android:extractNativeLibs="false"
14        android:icon="@drawable/icon"
14-->src\main\AndroidManifest.xml:7:18-47
15        android:label="@string/app_name"
15-->src\main\AndroidManifest.xml:7:48-80
16        android:testOnly="true" >
17        <activity
17-->src\main\AndroidManifest.xml:8:9-14:20
18            android:name="com.uuu.SqliteExerciseActivity"
18-->src\main\AndroidManifest.xml:8:19-57
19            android:label="@string/app_name" >
19-->src\main\AndroidManifest.xml:9:19-51
20            <intent-filter>
20-->src\main\AndroidManifest.xml:10:13-13:29
21                <action android:name="android.intent.action.MAIN" />
21-->src\main\AndroidManifest.xml:11:17-69
21-->src\main\AndroidManifest.xml:11:25-66
22
23                <category android:name="android.intent.category.LAUNCHER" />
23-->src\main\AndroidManifest.xml:12:17-77
23-->src\main\AndroidManifest.xml:12:27-74
24            </intent-filter>
25        </activity>
26        <activity android:name="com.uuu.Add" />
26-->src\main\AndroidManifest.xml:15:9-40
26-->src\main\AndroidManifest.xml:15:19-38
27        <activity android:name="com.uuu.Mod" />
27-->src\main\AndroidManifest.xml:16:9-40
27-->src\main\AndroidManifest.xml:16:19-38
28    </application>
29
30</manifest>